<?xml version="1.0" encoding="UTF-8"?>
<!-- Generated by org.testng.reporters.JUnitReportReporter -->
<testsuite hostname="LAPTOP-T22UOKH9" failures="0" tests="14" name="restAssured.DummyWebsite" time="15.011" errors="0" timestamp="2024-06-28T14:12:47 IST" skipped="0">
  <testcase classname="restAssured.DummyWebsite" name="loginToGetToken" time="2.817"/>
  <system-out/>
  <testcase classname="restAssured.DummyWebsite" name="getAuthUser" time="1.014"/>
  <system-out/>
  <testcase classname="restAssured.DummyWebsite" name="refreshAuthSession" time="0.939"/>
  <system-out/>
  <testcase classname="restAssured.DummyWebsite" name="getAllProducts" time="0.966"/>
  <system-out/>
  <testcase classname="restAssured.DummyWebsite" name="getaSingleProduct" time="0.939"/>
  <system-out/>
  <testcase classname="restAssured.DummyWebsite" name="searchForAproduct" time="0.916"/>
  <system-out/>
  <testcase classname="restAssured.DummyWebsite" name="limitandskipaProduct" time="0.960"/>
  <system-out/>
  <testcase classname="restAssured.DummyWebsite" name="sorttheProduct" time="0.985"/>
  <system-out/>
  <testcase classname="restAssured.DummyWebsite" name="getAlltheProduct" time="0.920"/>
  <system-out/>
  <testcase classname="restAssured.DummyWebsite" name="getProductCategoryList" time="0.886"/>
  <system-out/>
  <testcase classname="restAssured.DummyWebsite" name="getProductBycategory" time="0.914"/>
  <system-out/>
  <testcase classname="restAssured.DummyWebsite" name="AddAProduct" time="0.903"/>
  <system-out/>
  <testcase classname="restAssured.DummyWebsite" name="updateAProduct" time="0.929"/>
  <system-out/>
  <testcase classname="restAssured.DummyWebsite" name="DeleteAProduct" time="0.923"/>
  <system-out/>
</testsuite> <!-- restAssured.DummyWebsite -->
